<?xml version="1.0" encoding="UTF-8"?>
<testsuite tests="7" assertions="7" errors="0" skipped="0" failures="0" name="UserStoryTest" time="0.005171">
  <testcase assertions="1" name="test: UserStory should belong to owner. " time="0.000958">
  </testcase>
  <testcase assertions="1" name="test: UserStory should belong to project. " time="0.000566">
  </testcase>
  <testcase assertions="1" name="test: UserStory should belong to sprint. " time="0.000529">
  </testcase>
  <testcase assertions="1" name="test: UserStory should have many assigned_users. " time="0.000583">
  </testcase>
  <testcase assertions="1" name="test: UserStory should have many assignments. " time="0.000552">
  </testcase>
  <testcase assertions="1" name="test: UserStory should have many messages. " time="0.000518">
  </testcase>
  <testcase assertions="1" name="test: UserStory should have many user_story_message_links. " time="0.000713">
  </testcase>
  <system-out>
  </system-out>
  <system-err>
  </system-err>
</testsuite>
