<?xml version="1.0" encoding="UTF-8"?>
<testsuite tests="2" errors="0" time="0.039558" failures="0" assertions="5" name="MembershipsControllerTest" skipped="0">
  <testcase time="0.021481" assertions="1" name="test_create">
  </testcase>
  <testcase time="0.017837" assertions="4" name="test_shows_new_form">
  </testcase>
  <system-out>
  </system-out>
  <system-err>
  </system-err>
</testsuite>
