<?xml version="1.0" encoding="UTF-8"?>
<testsuite tests="9" errors="0" time="0.09098" failures="0" assertions="10" name="RolesControllerTest" skipped="0">
  <testcase time="0.013318" assertions="1" name="test_create_invalid">
  </testcase>
  <testcase time="0.005154" assertions="1" name="test_create_valid">
  </testcase>
  <testcase time="0.007616" assertions="2" name="test_destroy">
  </testcase>
  <testcase time="0.012186" assertions="1" name="test_edit">
  </testcase>
  <testcase time="0.013568" assertions="1" name="test_index">
  </testcase>
  <testcase time="0.009194" assertions="1" name="test_new">
  </testcase>
  <testcase time="0.011732" assertions="1" name="test_show">
  </testcase>
  <testcase time="0.012014" assertions="1" name="test_update_invalid">
  </testcase>
  <testcase time="0.005362" assertions="1" name="test_update_valid">
  </testcase>
  <system-out>
  </system-out>
  <system-err>
  </system-err>
</testsuite>
