<?xml version="1.0" encoding="UTF-8"?>
<testsuite tests="2" assertions="2" errors="0" skipped="0" failures="0" name="AssignmentTest" time="0.137782">
  <testcase assertions="1" name="test: Assignment should belong to user. " time="0.136905">
  </testcase>
  <testcase assertions="1" name="test: Assignment should belong to user_story. " time="0.000642">
  </testcase>
  <system-out>
  </system-out>
  <system-err>
  </system-err>
</testsuite>
