<?xml version="1.0" encoding="UTF-8"?>
<testsuite tests="9" errors="0" time="0.124564" failures="1" assertions="10" name="UsersControllerTest" skipped="0">
  <testcase time="0.016582" assertions="1" name="test_create_invalid">
  </testcase>
  <testcase time="0.016042" assertions="1" name="test_create_valid">
    <failure type="Test::Unit::AssertionFailedError" message="Expected response to be a &lt;:redirect&gt;, but was &lt;200&gt;">
Expected response to be a &lt;:redirect&gt;, but was &lt;200&gt; (Test::Unit::AssertionFailedError)
/test/functional/users_controller_test.rb:28:in `test_create_valid'    </failure>
  </testcase>
  <testcase time="0.009514" assertions="2" name="test_destroy">
  </testcase>
  <testcase time="0.0155730000000001" assertions="1" name="test_edit">
  </testcase>
  <testcase time="0.014145" assertions="1" name="test_index">
  </testcase>
  <testcase time="0.012089" assertions="1" name="test_new">
  </testcase>
  <testcase time="0.012841" assertions="1" name="test_show">
  </testcase>
  <testcase time="0.015656" assertions="1" name="test_update_invalid">
  </testcase>
  <testcase time="0.008302" assertions="1" name="test_update_valid">
  </testcase>
  <system-out>
  </system-out>
  <system-err>
  </system-err>
</testsuite>
