<?xml version="1.0" encoding="UTF-8"?>
<testsuite tests="9" errors="0" time="0.279807" failures="0" assertions="10" name="UserStoriesControllerTest" skipped="0">
  <testcase time="0.121767" assertions="1" name="test_create_invalid">
  </testcase>
  <testcase time="0.009138" assertions="1" name="test_create_valid">
  </testcase>
  <testcase time="0.012564" assertions="2" name="test_destroy">
  </testcase>
  <testcase time="0.03086" assertions="1" name="test_edit">
  </testcase>
  <testcase time="0.019713" assertions="1" name="test_index">
  </testcase>
  <testcase time="0.026991" assertions="1" name="test_new">
  </testcase>
  <testcase time="0.020444" assertions="1" name="test_show">
  </testcase>
  <testcase time="0.029089" assertions="1" name="test_update_invalid">
  </testcase>
  <testcase time="0.008356" assertions="1" name="test_update_valid">
  </testcase>
  <system-out>
  </system-out>
  <system-err>
  </system-err>
</testsuite>
