<?xml version="1.0" encoding="UTF-8"?>
<testsuite tests="2" assertions="2" errors="0" skipped="0" failures="0" name="RecipientTest" time="0.001754">
  <testcase assertions="1" name="test: Recipient should belong to message. " time="0.000927">
  </testcase>
  <testcase assertions="1" name="test: Recipient should belong to user. " time="0.000595">
  </testcase>
  <system-out>
  </system-out>
  <system-err>
  </system-err>
</testsuite>
