<?xml version="1.0" encoding="UTF-8"?>
<testsuite tests="11" assertions="12" errors="0" skipped="0" failures="0" name="SimilarityEngine::Matchers::MessageMatcherTest" time="0.077712">
  <testcase assertions="1" name="test_date_score_is_half_inside_buffer_future" time="0.013064">
  </testcase>
  <testcase assertions="1" name="test_date_score_is_half_inside_buffer_past" time="0.006708">
  </testcase>
  <testcase assertions="1" name="test_date_score_is_negative_for_far_future" time="0.006493">
  </testcase>
  <testcase assertions="1" name="test_date_score_is_negative_for_far_past" time="0.007859">
  </testcase>
  <testcase assertions="1" name="test_date_score_is_one_inside_sprint" time="0.005882">
  </testcase>
  <testcase assertions="1" name="test_date_score_is_quarter_when_no_sprint_selected" time="0.004484">
  </testcase>
  <testcase assertions="1" name="test_date_score_is_zero_beyond_buffer_future" time="0.006774">
  </testcase>
  <testcase assertions="1" name="test_date_score_is_zero_beyond_buffer_past" time="0.006751">
  </testcase>
  <testcase assertions="1" name="test_people_similarity_is_half_when_one_of_two_are_people" time="0.007395">
  </testcase>
  <testcase assertions="1" name="test_people_similarity_is_one_when_all_common_people" time="0.005117">
  </testcase>
  <testcase assertions="2" name="test_people_similarity_is_zero_when_no_common_people" time="0.005971">
  </testcase>
  <system-out>
  </system-out>
  <system-err>
  </system-err>
</testsuite>
