<?xml version="1.0" encoding="UTF-8"?>
<testsuite tests="4" assertions="4" errors="0" skipped="0" failures="0" name="SprintTest" time="0.005479">
  <testcase assertions="1" name="test: Sprint should belong to project. " time="0.000941">
  </testcase>
  <testcase assertions="1" name="test: Sprint should have many user_stories. " time="0.000748">
  </testcase>
  <testcase assertions="1" name="test: Sprint should require end_date to be set. " time="0.00176">
  </testcase>
  <testcase assertions="1" name="test: Sprint should require start_date to be set. " time="0.00156">
  </testcase>
  <system-out>
  </system-out>
  <system-err>
  </system-err>
</testsuite>
