<?xml version="1.0" encoding="UTF-8"?>
<testsuite tests="2" assertions="2" errors="0" skipped="0" failures="0" name="RoleTest" time="0.021604">
  <testcase assertions="1" name="test: Role should return customer role. " time="0.016615">
  </testcase>
  <testcase assertions="1" name="test: Role should return team role. " time="0.004712">
  </testcase>
  <system-out>
  </system-out>
  <system-err>
  </system-err>
</testsuite>
